app/build/intermediates/manifest_merge_blame_file/release/manifest-merger-blame-release-report.txt
1<?xml version="1.0" encoding="utf-8"?>
2<manifest xmlns:android="http://schemas.android.com/apk/res/android"
3    package="com.example.aecro"
4    android:versionCode="1"
5    android:versionName="1.0.5" >
6
7    <uses-sdk
8        android:minSdkVersion="15"
8-->src/main/AndroidManifest.xml
9        android:targetSdkVersion="28" />
9-->src/main/AndroidManifest.xml
10
11    <application
11-->src/main/AndroidManifest.xml:5:5-30:19
12        android:allowBackup="true"
12-->src/main/AndroidManifest.xml:6:9-35
13        android:appComponentFactory="android.support.v4.app.CoreComponentFactory"
13-->[com.android.support:support-compat:28.0.0] AndroidManifest.xml:22:18-91
14        android:icon="@mipmap/ic_acro"
14-->src/main/AndroidManifest.xml:7:9-39
15        android:label="Muda Tela"
15-->src/main/AndroidManifest.xml:8:9-34
16        android:roundIcon="@mipmap/ic_acro_round"
16-->src/main/AndroidManifest.xml:9:9-50
17        android:supportsRtl="true"
17-->src/main/AndroidManifest.xml:10:9-35
18        android:theme="@style/AppTheme" >
18-->src/main/AndroidManifest.xml:11:9-40
19        <activity
19-->src/main/AndroidManifest.xml:12:9-14:52
20            android:name="com.example.mudatela.QuartaTela"
20-->src/main/AndroidManifest.xml:13:13-39
21            android:screenOrientation="portrait" />
21-->src/main/AndroidManifest.xml:14:13-49
22        <activity
22-->src/main/AndroidManifest.xml:15:9-17:52
23            android:name="com.example.mudatela.TerceiraTela"
23-->src/main/AndroidManifest.xml:16:13-41
24            android:screenOrientation="portrait" />
24-->src/main/AndroidManifest.xml:17:13-49
25        <activity
25-->src/main/AndroidManifest.xml:18:9-20:52
26            android:name="com.example.mudatela.SegundaTela"
26-->src/main/AndroidManifest.xml:19:13-40
27            android:screenOrientation="portrait" />
27-->src/main/AndroidManifest.xml:20:13-49
28        <activity
28-->src/main/AndroidManifest.xml:21:9-29:20
29            android:name="com.example.mudatela.MainActivity"
29-->src/main/AndroidManifest.xml:22:13-41
30            android:screenOrientation="portrait" >
30-->src/main/AndroidManifest.xml:23:13-49
31            <intent-filter>
31-->src/main/AndroidManifest.xml:24:13-28:29
32                <action android:name="android.intent.action.MAIN" />
32-->src/main/AndroidManifest.xml:25:17-69
32-->src/main/AndroidManifest.xml:25:25-66
33
34                <category android:name="android.intent.category.LAUNCHER" />
34-->src/main/AndroidManifest.xml:27:17-77
34-->src/main/AndroidManifest.xml:27:27-74
35            </intent-filter>
36        </activity>
37    </application>
38
39</manifest>